<?xml version="1.0" encoding="UTF-8"?>
<!-- Generated by org.testng.reporters.JUnitReportReporter -->
<testsuite hostname="PQA-0676LT" failures="0" tests="3" name="com.mj.testcases.AddCustTest" time="9.997" errors="0" timestamp="2022-07-20T13:04:04 EDT" skipped="0">
  <testcase classname="com.mj.testcases.AddCustTest" name="addCust" time="3.139"/>
  <system-out/>
  <testcase classname="com.mj.testcases.AddCustTest" name="addCust" time="3.662"/>
  <system-out/>
  <testcase classname="com.mj.testcases.AddCustTest" name="addCust" time="3.196"/>
  <system-out/>
</testsuite> <!-- com.mj.testcases.AddCustTest -->
