<?xml version="1.0" encoding="UTF-8"?>
<!-- Generated by org.testng.reporters.JUnitReportReporter -->
<testsuite hostname="PQA-0676LT" failures="0" tests="1" name="com.mj.testcases.LoginTest" time="4.835" errors="0" timestamp="2022-07-20T09:20:42 EDT" skipped="0">
  <testcase classname="com.mj.testcases.LoginTest" name="loginasBM" time="4.835"/>
  <system-out/>
</testsuite> <!-- com.mj.testcases.LoginTest -->
