<?xml version="1.0" encoding="UTF-8"?>
<!-- Generated by org.testng.reporters.JUnitReportReporter -->
<testsuite hostname="PQA-0676LT" failures="0" tests="1" name="com.mj.testcases.BmLoginTest" time="3.763" errors="0" timestamp="2022-07-20T13:04:04 EDT" skipped="0">
  <testcase classname="com.mj.testcases.BmLoginTest" name="loginasBM" time="3.763"/>
  <system-out/>
</testsuite> <!-- com.mj.testcases.BmLoginTest -->
